2019-01-30T14:33:25-07:00 ERR: HORDE [imp] Error running command: /usr/local/cpanel/3rdparty/bin/convert -size 0x0 xc:white -strip png:"/home/m6ftpd01sqhe/tmp/horde/imgMKMeKO" 2>&1
sh: /usr/local/cpanel/3rdparty/bin/convert: No existe el fichero o el directorio [pid 2748453 on line 591 of "/usr/local/cpanel/3rdparty/php/56/lib/php/Horde/Image/Im.php"]
2019-01-30T14:33:25-07:00 ERR: HORDE [imp] Error running command: /usr/local/cpanel/3rdparty/bin/convert -size 0x0 xc:white -strip png:"/home/m6ftpd01sqhe/tmp/horde/imgXnNwmD" 2>&1
sh: /usr/local/cpanel/3rdparty/bin/convert: No existe el fichero o el directorio [pid 2748453 on line 591 of "/usr/local/cpanel/3rdparty/php/56/lib/php/Horde/Image/Im.php"]
2019-01-30T14:33:26-07:00 ERR: HORDE [imp] Error running command: /usr/local/cpanel/3rdparty/bin/convert -size 0x0 xc:white -strip png:"/home/m6ftpd01sqhe/tmp/horde/imgAskyik" 2>&1
sh: /usr/local/cpanel/3rdparty/bin/convert: No existe el fichero o el directorio [pid 2748496 on line 591 of "/usr/local/cpanel/3rdparty/php/56/lib/php/Horde/Image/Im.php"]
2019-01-30T14:33:26-07:00 ERR: HORDE [imp] Error running command: /usr/local/cpanel/3rdparty/bin/convert -size 300x300 "/home/m6ftpd01sqhe/tmp/horde/imgEWL2f0"'[0]' -thumbnail 150x150 -strip png:"/home/m6ftpd01sqhe/tmp/horde/img0t1MfQ" 2>&1
sh: /usr/local/cpanel/3rdparty/bin/convert: No existe el fichero o el directorio [pid 2748496 on line 189 of "/usr/local/cpanel/3rdparty/php/56/lib/php/Horde/Image/Im.php"]
2019-01-30T14:33:26-07:00 ERR: HORDE [imp] Error running command: /usr/local/cpanel/3rdparty/bin/convert -size 0x0 xc:white -strip png:"/home/m6ftpd01sqhe/tmp/horde/imgbhS7GC" 2>&1
sh: /usr/local/cpanel/3rdparty/bin/convert: No existe el fichero o el directorio [pid 2748517 on line 591 of "/usr/local/cpanel/3rdparty/php/56/lib/php/Horde/Image/Im.php"]
2019-01-30T14:33:26-07:00 ERR: HORDE [imp] Error running command: /usr/local/cpanel/3rdparty/bin/convert  "/home/m6ftpd01sqhe/tmp/horde/imgFfmR4j"'[0]'  -strip png:"/home/m6ftpd01sqhe/tmp/horde/imgi964La" 2>&1
sh: /usr/local/cpanel/3rdparty/bin/convert: No existe el fichero o el directorio [pid 2748517 on line 189 of "/usr/local/cpanel/3rdparty/php/56/lib/php/Horde/Image/Im.php"]
2019-01-30T15:03:48-07:00 ERR: HORDE [imp] Error running command: /usr/local/cpanel/3rdparty/bin/convert -size 0x0 xc:white -strip png:"/home/m6ftpd01sqhe/tmp/horde/imgi2nfkW" 2>&1
sh: /usr/local/cpanel/3rdparty/bin/convert: No existe el fichero o el directorio [pid 2914910 on line 591 of "/usr/local/cpanel/3rdparty/php/56/lib/php/Horde/Image/Im.php"]
2019-01-30T15:03:48-07:00 ERR: HORDE [imp] Error running command: /usr/local/cpanel/3rdparty/bin/convert -size 0x0 xc:white -strip png:"/home/m6ftpd01sqhe/tmp/horde/imgPzeufP" 2>&1
sh: /usr/local/cpanel/3rdparty/bin/convert: No existe el fichero o el directorio [pid 2914939 on line 591 of "/usr/local/cpanel/3rdparty/php/56/lib/php/Horde/Image/Im.php"]
2019-01-30T15:03:48-07:00 ERR: HORDE [imp] Error running command: /usr/local/cpanel/3rdparty/bin/convert -size 300x300 "/home/m6ftpd01sqhe/tmp/horde/imgNjwGvv"'[0]' -thumbnail 150x150 -strip png:"/home/m6ftpd01sqhe/tmp/horde/imgwt7BDl" 2>&1
sh: /usr/local/cpanel/3rdparty/bin/convert: No existe el fichero o el directorio [pid 2914939 on line 189 of "/usr/local/cpanel/3rdparty/php/56/lib/php/Horde/Image/Im.php"]
2019-01-30T15:03:51-07:00 ERR: HORDE [imp] Error running command: /usr/local/cpanel/3rdparty/bin/convert -size 0x0 xc:white -strip png:"/home/m6ftpd01sqhe/tmp/horde/imgBna525" 2>&1
sh: /usr/local/cpanel/3rdparty/bin/convert: No existe el fichero o el directorio [pid 2915022 on line 591 of "/usr/local/cpanel/3rdparty/php/56/lib/php/Horde/Image/Im.php"]
2019-01-30T15:03:52-07:00 ERR: HORDE [imp] Error running command: /usr/local/cpanel/3rdparty/bin/convert -size 0x0 xc:white -strip png:"/home/m6ftpd01sqhe/tmp/horde/imgxFVxdG" 2>&1
sh: /usr/local/cpanel/3rdparty/bin/convert: No existe el fichero o el directorio [pid 2915041 on line 591 of "/usr/local/cpanel/3rdparty/php/56/lib/php/Horde/Image/Im.php"]
2019-01-30T15:03:52-07:00 ERR: HORDE [imp] Error running command: /usr/local/cpanel/3rdparty/bin/convert -size 300x300 "/home/m6ftpd01sqhe/tmp/horde/imgJwiP3F"'[0]' -thumbnail 150x150 -strip png:"/home/m6ftpd01sqhe/tmp/horde/imgm8VYYF" 2>&1
sh: /usr/local/cpanel/3rdparty/bin/convert: No existe el fichero o el directorio [pid 2915041 on line 189 of "/usr/local/cpanel/3rdparty/php/56/lib/php/Horde/Image/Im.php"]
2019-02-05T08:49:54-07:00 ERR: HORDE [imp] Error running command: /usr/local/cpanel/3rdparty/bin/convert -size 0x0 xc:white -strip png:"/home/m6ftpd01sqhe/tmp/horde/img7nIaob" 2>&1
sh: /usr/local/cpanel/3rdparty/bin/convert: No existe el fichero o el directorio [pid 2241939 on line 591 of "/usr/local/cpanel/3rdparty/php/56/lib/php/Horde/Image/Im.php"]
2019-02-05T08:49:54-07:00 ERR: HORDE [imp] Error running command: /usr/local/cpanel/3rdparty/bin/convert -size 0x0 xc:white -strip png:"/home/m6ftpd01sqhe/tmp/horde/imgiUYCp0" 2>&1
sh: /usr/local/cpanel/3rdparty/bin/convert: No existe el fichero o el directorio [pid 2241939 on line 591 of "/usr/local/cpanel/3rdparty/php/56/lib/php/Horde/Image/Im.php"]
2019-02-05T08:49:54-07:00 ERR: HORDE [imp] Error running command: /usr/local/cpanel/3rdparty/bin/convert -size 0x0 xc:white -strip png:"/home/m6ftpd01sqhe/tmp/horde/imgKNinxP" 2>&1
sh: /usr/local/cpanel/3rdparty/bin/convert: No existe el fichero o el directorio [pid 2242028 on line 591 of "/usr/local/cpanel/3rdparty/php/56/lib/php/Horde/Image/Im.php"]
2019-02-05T08:49:54-07:00 ERR: HORDE [imp] Error running command: /usr/local/cpanel/3rdparty/bin/convert -size 0x0 xc:white -strip png:"/home/m6ftpd01sqhe/tmp/horde/imgPT4SrO" 2>&1
sh: /usr/local/cpanel/3rdparty/bin/convert: No existe el fichero o el directorio [pid 2242029 on line 591 of "/usr/local/cpanel/3rdparty/php/56/lib/php/Horde/Image/Im.php"]
2019-02-05T08:49:54-07:00 ERR: HORDE [imp] Error running command: /usr/local/cpanel/3rdparty/bin/convert -size 300x300 "/home/m6ftpd01sqhe/tmp/horde/imgi79Fhw"'[0]' -thumbnail 150x150 -strip png:"/home/m6ftpd01sqhe/tmp/horde/imggQeWFm" 2>&1
sh: /usr/local/cpanel/3rdparty/bin/convert: No existe el fichero o el directorio [pid 2242028 on line 189 of "/usr/local/cpanel/3rdparty/php/56/lib/php/Horde/Image/Im.php"]
2019-02-05T08:49:54-07:00 ERR: HORDE [imp] Error running command: /usr/local/cpanel/3rdparty/bin/convert -size 300x300 "/home/m6ftpd01sqhe/tmp/horde/imgVvQogv"'[0]' -thumbnail 150x150 -strip png:"/home/m6ftpd01sqhe/tmp/horde/img0VWGFl" 2>&1
sh: /usr/local/cpanel/3rdparty/bin/convert: No existe el fichero o el directorio [pid 2242029 on line 189 of "/usr/local/cpanel/3rdparty/php/56/lib/php/Horde/Image/Im.php"]
2019-02-05T09:02:04-07:00 ERR: HORDE [imp] Error running command: /usr/local/cpanel/3rdparty/bin/convert -size 0x0 xc:white -strip png:"/home/m6ftpd01sqhe/tmp/horde/imgp8Ivas" 2>&1
sh: /usr/local/cpanel/3rdparty/bin/convert: No existe el fichero o el directorio [pid 2332935 on line 591 of "/usr/local/cpanel/3rdparty/php/56/lib/php/Horde/Image/Im.php"]
2019-02-05T09:02:04-07:00 ERR: HORDE [imp] Error running command: /usr/local/cpanel/3rdparty/bin/convert -size 0x0 xc:white -strip png:"/home/m6ftpd01sqhe/tmp/horde/imgY2oOu8" 2>&1
sh: /usr/local/cpanel/3rdparty/bin/convert: No existe el fichero o el directorio [pid 2332935 on line 591 of "/usr/local/cpanel/3rdparty/php/56/lib/php/Horde/Image/Im.php"]
2019-02-05T09:02:04-07:00 ERR: HORDE [imp] Error running command: /usr/local/cpanel/3rdparty/bin/convert -size 0x0 xc:white -strip png:"/home/m6ftpd01sqhe/tmp/horde/imgyg0qu1" 2>&1
sh: /usr/local/cpanel/3rdparty/bin/convert: No existe el fichero o el directorio [pid 2333408 on line 591 of "/usr/local/cpanel/3rdparty/php/56/lib/php/Horde/Image/Im.php"]
2019-02-05T09:02:04-07:00 ERR: HORDE [imp] Error running command: /usr/local/cpanel/3rdparty/bin/convert -size 300x300 "/home/m6ftpd01sqhe/tmp/horde/imgyWDDoq"'[0]' -thumbnail 150x150 -strip png:"/home/m6ftpd01sqhe/tmp/horde/imgghPNQ7" 2>&1
sh: /usr/local/cpanel/3rdparty/bin/convert: No existe el fichero o el directorio [pid 2333408 on line 189 of "/usr/local/cpanel/3rdparty/php/56/lib/php/Horde/Image/Im.php"]
2019-02-05T09:02:05-07:00 ERR: HORDE [imp] Error running command: /usr/local/cpanel/3rdparty/bin/convert -size 0x0 xc:white -strip png:"/home/m6ftpd01sqhe/tmp/horde/imgZEbfAe" 2>&1
sh: /usr/local/cpanel/3rdparty/bin/convert: No existe el fichero o el directorio [pid 2333438 on line 591 of "/usr/local/cpanel/3rdparty/php/56/lib/php/Horde/Image/Im.php"]
2019-02-05T09:02:05-07:00 ERR: HORDE [imp] Error running command: /usr/local/cpanel/3rdparty/bin/convert -size 300x300 "/home/m6ftpd01sqhe/tmp/horde/imgREEXgF"'[0]' -thumbnail 150x150 -strip png:"/home/m6ftpd01sqhe/tmp/horde/img16zmCn" 2>&1
sh: /usr/local/cpanel/3rdparty/bin/convert: No existe el fichero o el directorio [pid 2333438 on line 189 of "/usr/local/cpanel/3rdparty/php/56/lib/php/Horde/Image/Im.php"]
2019-02-05T10:34:33-07:00 ERR: HORDE [imp] Error running command: /usr/local/cpanel/3rdparty/bin/convert -size 0x0 xc:white -strip png:"/home/m6ftpd01sqhe/tmp/horde/imgOuWXmM" 2>&1
sh: /usr/local/cpanel/3rdparty/bin/convert: No existe el fichero o el directorio [pid 3065723 on line 591 of "/usr/local/cpanel/3rdparty/php/56/lib/php/Horde/Image/Im.php"]
2019-02-05T10:34:33-07:00 ERR: HORDE [imp] Error running command: /usr/local/cpanel/3rdparty/bin/convert -size 300x300 "/home/m6ftpd01sqhe/tmp/horde/imgaNZwv3"'[0]' -thumbnail 150x150 -strip png:"/home/m6ftpd01sqhe/tmp/horde/imgrSbC5b" 2>&1
sh: /usr/local/cpanel/3rdparty/bin/convert: No existe el fichero o el directorio [pid 3065723 on line 189 of "/usr/local/cpanel/3rdparty/php/56/lib/php/Horde/Image/Im.php"]
2019-02-05T10:34:33-07:00 ERR: HORDE [imp] Error running command: /usr/local/cpanel/3rdparty/bin/convert -size 0x0 xc:white -strip png:"/home/m6ftpd01sqhe/tmp/horde/imgrteAsb" 2>&1
sh: /usr/local/cpanel/3rdparty/bin/convert: No existe el fichero o el directorio [pid 3065982 on line 591 of "/usr/local/cpanel/3rdparty/php/56/lib/php/Horde/Image/Im.php"]
2019-02-05T10:34:33-07:00 ERR: HORDE [imp] Error running command: /usr/local/cpanel/3rdparty/bin/convert -size 300x300 "/home/m6ftpd01sqhe/tmp/horde/imgnj4Ugu"'[0]' -thumbnail 150x150 -strip png:"/home/m6ftpd01sqhe/tmp/horde/img5ay6FD" 2>&1
sh: /usr/local/cpanel/3rdparty/bin/convert: No existe el fichero o el directorio [pid 3065982 on line 189 of "/usr/local/cpanel/3rdparty/php/56/lib/php/Horde/Image/Im.php"]
2019-02-05T15:58:37-07:00 ERR: HORDE [imp] Error running command: /usr/local/cpanel/3rdparty/bin/convert -size 0x0 xc:white -strip png:"/home/m6ftpd01sqhe/tmp/horde/imgULHo2D" 2>&1
sh: /usr/local/cpanel/3rdparty/bin/convert: No existe el fichero o el directorio [pid 1321597 on line 591 of "/usr/local/cpanel/3rdparty/php/56/lib/php/Horde/Image/Im.php"]
2019-02-05T15:58:37-07:00 ERR: HORDE [imp] Error running command: /usr/local/cpanel/3rdparty/bin/convert -size 0x0 xc:white -strip png:"/home/m6ftpd01sqhe/tmp/horde/imgjuj0em" 2>&1
sh: /usr/local/cpanel/3rdparty/bin/convert: No existe el fichero o el directorio [pid 1321597 on line 591 of "/usr/local/cpanel/3rdparty/php/56/lib/php/Horde/Image/Im.php"]
2019-02-05T15:59:03-07:00 ERR: HORDE [imp] Error running command: /usr/local/cpanel/3rdparty/bin/convert -size 0x0 xc:white -strip png:"/home/m6ftpd01sqhe/tmp/horde/imgxtPTAJ" 2>&1
sh: /usr/local/cpanel/3rdparty/bin/convert: No existe el fichero o el directorio [pid 1323699 on line 591 of "/usr/local/cpanel/3rdparty/php/56/lib/php/Horde/Image/Im.php"]
2019-02-05T15:59:03-07:00 ERR: HORDE [imp] Error running command: /usr/local/cpanel/3rdparty/bin/convert -size 300x300 "/home/m6ftpd01sqhe/tmp/horde/imgLP0m8i"'[0]' -thumbnail 150x150 -strip png:"/home/m6ftpd01sqhe/tmp/horde/imgUeCqV5" 2>&1
sh: /usr/local/cpanel/3rdparty/bin/convert: No existe el fichero o el directorio [pid 1323699 on line 189 of "/usr/local/cpanel/3rdparty/php/56/lib/php/Horde/Image/Im.php"]
2019-02-05T15:59:03-07:00 ERR: HORDE [imp] Error running command: /usr/local/cpanel/3rdparty/bin/convert -size 0x0 xc:white -strip png:"/home/m6ftpd01sqhe/tmp/horde/imgxgN0Si" 2>&1
sh: /usr/local/cpanel/3rdparty/bin/convert: No existe el fichero o el directorio [pid 1323852 on line 591 of "/usr/local/cpanel/3rdparty/php/56/lib/php/Horde/Image/Im.php"]
2019-02-05T15:59:03-07:00 ERR: HORDE [imp] Error running command: /usr/local/cpanel/3rdparty/bin/convert -size 300x300 "/home/m6ftpd01sqhe/tmp/horde/imgJMe7TT"'[0]' -thumbnail 150x150 -strip png:"/home/m6ftpd01sqhe/tmp/horde/imgd4HyqH" 2>&1
sh: /usr/local/cpanel/3rdparty/bin/convert: No existe el fichero o el directorio [pid 1323852 on line 189 of "/usr/local/cpanel/3rdparty/php/56/lib/php/Horde/Image/Im.php"]
2019-02-05T16:16:30-07:00 ERR: HORDE [imp] Error running command: /usr/local/cpanel/3rdparty/bin/convert -size 0x0 xc:white -strip png:"/home/m6ftpd01sqhe/tmp/horde/imgUvZ8RR" 2>&1
sh: /usr/local/cpanel/3rdparty/bin/convert: No existe el fichero o el directorio [pid 1444297 on line 591 of "/usr/local/cpanel/3rdparty/php/56/lib/php/Horde/Image/Im.php"]
2019-02-05T16:16:30-07:00 ERR: HORDE [imp] Error running command: /usr/local/cpanel/3rdparty/bin/convert -size 300x300 "/home/m6ftpd01sqhe/tmp/horde/imgOjHJTX"'[0]' -thumbnail 150x150 -strip png:"/home/m6ftpd01sqhe/tmp/horde/imgLzPAW0" 2>&1
sh: /usr/local/cpanel/3rdparty/bin/convert: No existe el fichero o el directorio [pid 1444297 on line 189 of "/usr/local/cpanel/3rdparty/php/56/lib/php/Horde/Image/Im.php"]
2019-02-05T16:16:30-07:00 ERR: HORDE [imp] Error running command: /usr/local/cpanel/3rdparty/bin/convert -size 0x0 xc:white -strip png:"/home/m6ftpd01sqhe/tmp/horde/img7vneBY" 2>&1
sh: /usr/local/cpanel/3rdparty/bin/convert: No existe el fichero o el directorio [pid 1444347 on line 591 of "/usr/local/cpanel/3rdparty/php/56/lib/php/Horde/Image/Im.php"]
2019-02-05T16:16:30-07:00 ERR: HORDE [imp] Error running command: /usr/local/cpanel/3rdparty/bin/convert -size 300x300 "/home/m6ftpd01sqhe/tmp/horde/imgXLQn64"'[0]' -thumbnail 150x150 -strip png:"/home/m6ftpd01sqhe/tmp/horde/imgibunn8" 2>&1
sh: /usr/local/cpanel/3rdparty/bin/convert: No existe el fichero o el directorio [pid 1444347 on line 189 of "/usr/local/cpanel/3rdparty/php/56/lib/php/Horde/Image/Im.php"]
2019-02-06T14:29:12-07:00 ERR: HORDE [imp] Error running command: /usr/local/cpanel/3rdparty/bin/convert -size 0x0 xc:white -strip png:"/home/m6ftpd01sqhe/tmp/horde/imgoR4nmv" 2>&1
sh: /usr/local/cpanel/3rdparty/bin/convert: No existe el fichero o el directorio [pid 2750040 on line 591 of "/usr/local/cpanel/3rdparty/php/56/lib/php/Horde/Image/Im.php"]
2019-02-06T14:29:12-07:00 ERR: HORDE [imp] Error running command: /usr/local/cpanel/3rdparty/bin/convert -size 0x0 xc:white -strip png:"/home/m6ftpd01sqhe/tmp/horde/imgU5X9cb" 2>&1
sh: /usr/local/cpanel/3rdparty/bin/convert: No existe el fichero o el directorio [pid 2750040 on line 591 of "/usr/local/cpanel/3rdparty/php/56/lib/php/Horde/Image/Im.php"]
2019-02-06T14:29:13-07:00 ERR: HORDE [imp] Error running command: /usr/local/cpanel/3rdparty/bin/convert -size 0x0 xc:white -strip png:"/home/m6ftpd01sqhe/tmp/horde/imgYXYep5" 2>&1
sh: /usr/local/cpanel/3rdparty/bin/convert: No existe el fichero o el directorio [pid 2750123 on line 591 of "/usr/local/cpanel/3rdparty/php/56/lib/php/Horde/Image/Im.php"]
2019-02-06T14:29:13-07:00 ERR: HORDE [imp] Error running command: /usr/local/cpanel/3rdparty/bin/convert -size 300x300 "/home/m6ftpd01sqhe/tmp/horde/imgyxV9du"'[0]' -thumbnail 150x150 -strip png:"/home/m6ftpd01sqhe/tmp/horde/imgtvqJEb" 2>&1
sh: /usr/local/cpanel/3rdparty/bin/convert: No existe el fichero o el directorio [pid 2750123 on line 189 of "/usr/local/cpanel/3rdparty/php/56/lib/php/Horde/Image/Im.php"]
2019-02-06T14:29:13-07:00 ERR: HORDE [imp] Error running command: /usr/local/cpanel/3rdparty/bin/convert -size 0x0 xc:white -strip png:"/home/m6ftpd01sqhe/tmp/horde/img1zvRi7" 2>&1
sh: /usr/local/cpanel/3rdparty/bin/convert: No existe el fichero o el directorio [pid 2750122 on line 591 of "/usr/local/cpanel/3rdparty/php/56/lib/php/Horde/Image/Im.php"]
2019-02-06T14:29:13-07:00 ERR: HORDE [imp] Error running command: /usr/local/cpanel/3rdparty/bin/convert -size 300x300 "/home/m6ftpd01sqhe/tmp/horde/imgD916dw"'[0]' -thumbnail 150x150 -strip png:"/home/m6ftpd01sqhe/tmp/horde/imgRXQxGd" 2>&1
sh: /usr/local/cpanel/3rdparty/bin/convert: No existe el fichero o el directorio [pid 2750122 on line 189 of "/usr/local/cpanel/3rdparty/php/56/lib/php/Horde/Image/Im.php"]
2019-02-06T14:50:46-07:00 ERR: HORDE [imp] Error running command: /usr/local/cpanel/3rdparty/bin/convert -size 0x0 xc:white -strip png:"/home/m6ftpd01sqhe/tmp/horde/imgfpui0l" 2>&1
sh: /usr/local/cpanel/3rdparty/bin/convert: No existe el fichero o el directorio [pid 2925565 on line 591 of "/usr/local/cpanel/3rdparty/php/56/lib/php/Horde/Image/Im.php"]
2019-02-06T14:50:46-07:00 ERR: HORDE [imp] Error running command: /usr/local/cpanel/3rdparty/bin/convert -size 0x0 xc:white -strip png:"/home/m6ftpd01sqhe/tmp/horde/imgaeMobI" 2>&1
sh: /usr/local/cpanel/3rdparty/bin/convert: No existe el fichero o el directorio [pid 2925565 on line 591 of "/usr/local/cpanel/3rdparty/php/56/lib/php/Horde/Image/Im.php"]
2019-02-06T14:50:47-07:00 ERR: HORDE [imp] Error running command: /usr/local/cpanel/3rdparty/bin/convert -size 0x0 xc:white -strip png:"/home/m6ftpd01sqhe/tmp/horde/imgy57K7N" 2>&1
sh: /usr/local/cpanel/3rdparty/bin/convert: No existe el fichero o el directorio [pid 2925643 on line 591 of "/usr/local/cpanel/3rdparty/php/56/lib/php/Horde/Image/Im.php"]
2019-02-06T14:50:47-07:00 ERR: HORDE [imp] Error running command: /usr/local/cpanel/3rdparty/bin/convert -size 0x0 xc:white -strip png:"/home/m6ftpd01sqhe/tmp/horde/imgJYa00O" 2>&1
sh: /usr/local/cpanel/3rdparty/bin/convert: No existe el fichero o el directorio [pid 2925644 on line 591 of "/usr/local/cpanel/3rdparty/php/56/lib/php/Horde/Image/Im.php"]
2019-02-06T14:50:47-07:00 ERR: HORDE [imp] Error running command: /usr/local/cpanel/3rdparty/bin/convert -size 300x300 "/home/m6ftpd01sqhe/tmp/horde/img617m8y"'[0]' -thumbnail 150x150 -strip png:"/home/m6ftpd01sqhe/tmp/horde/imgfV0gGW" 2>&1
sh: /usr/local/cpanel/3rdparty/bin/convert: No existe el fichero o el directorio [pid 2925643 on line 189 of "/usr/local/cpanel/3rdparty/php/56/lib/php/Horde/Image/Im.php"]
2019-02-06T14:50:47-07:00 ERR: HORDE [imp] Error running command: /usr/local/cpanel/3rdparty/bin/convert -size 300x300 "/home/m6ftpd01sqhe/tmp/horde/imgtEiv2z"'[0]' -thumbnail 150x150 -strip png:"/home/m6ftpd01sqhe/tmp/horde/img3UUeAX" 2>&1
sh: /usr/local/cpanel/3rdparty/bin/convert: No existe el fichero o el directorio [pid 2925644 on line 189 of "/usr/local/cpanel/3rdparty/php/56/lib/php/Horde/Image/Im.php"]
2019-02-06T14:51:02-07:00 ERR: HORDE [imp] Error running command: /usr/local/cpanel/3rdparty/bin/convert -size 0x0 xc:white -strip png:"/home/m6ftpd01sqhe/tmp/horde/imgFZtewa" 2>&1
sh: /usr/local/cpanel/3rdparty/bin/convert: No existe el fichero o el directorio [pid 2926851 on line 591 of "/usr/local/cpanel/3rdparty/php/56/lib/php/Horde/Image/Im.php"]
2019-02-06T14:51:02-07:00 ERR: HORDE [imp] Error running command: /usr/local/cpanel/3rdparty/bin/convert -size 0x0 xc:white -strip png:"/home/m6ftpd01sqhe/tmp/horde/img0I7JNc" 2>&1
sh: /usr/local/cpanel/3rdparty/bin/convert: No existe el fichero o el directorio [pid 2926851 on line 591 of "/usr/local/cpanel/3rdparty/php/56/lib/php/Horde/Image/Im.php"]
2019-02-06T14:51:03-07:00 ERR: HORDE [imp] Error running command: /usr/local/cpanel/3rdparty/bin/convert -size 0x0 xc:white -strip png:"/home/m6ftpd01sqhe/tmp/horde/imgOPGc9y" 2>&1
sh: /usr/local/cpanel/3rdparty/bin/convert: No existe el fichero o el directorio [pid 2927495 on line 591 of "/usr/local/cpanel/3rdparty/php/56/lib/php/Horde/Image/Im.php"]
2019-02-06T14:51:03-07:00 ERR: HORDE [imp] Error running command: /usr/local/cpanel/3rdparty/bin/convert -size 0x0 xc:white -strip png:"/home/m6ftpd01sqhe/tmp/horde/imgFV9WOy" 2>&1
sh: /usr/local/cpanel/3rdparty/bin/convert: No existe el fichero o el directorio [pid 2927494 on line 591 of "/usr/local/cpanel/3rdparty/php/56/lib/php/Horde/Image/Im.php"]
2019-02-06T14:51:03-07:00 ERR: HORDE [imp] Error running command: /usr/local/cpanel/3rdparty/bin/convert -size 300x300 "/home/m6ftpd01sqhe/tmp/horde/imgG6l0eG"'[0]' -thumbnail 150x150 -strip png:"/home/m6ftpd01sqhe/tmp/horde/img3mSLMJ" 2>&1
sh: /usr/local/cpanel/3rdparty/bin/convert: No existe el fichero o el directorio [pid 2927495 on line 189 of "/usr/local/cpanel/3rdparty/php/56/lib/php/Horde/Image/Im.php"]
2019-02-06T14:51:03-07:00 ERR: HORDE [imp] Error running command: /usr/local/cpanel/3rdparty/bin/convert -size 300x300 "/home/m6ftpd01sqhe/tmp/horde/imgBzqIVF"'[0]' -thumbnail 150x150 -strip png:"/home/m6ftpd01sqhe/tmp/horde/imgpSN7tJ" 2>&1
sh: /usr/local/cpanel/3rdparty/bin/convert: No existe el fichero o el directorio [pid 2927494 on line 189 of "/usr/local/cpanel/3rdparty/php/56/lib/php/Horde/Image/Im.php"]
2019-02-07T09:34:33-07:00 ERR: HORDE [imp] Error running command: /usr/local/cpanel/3rdparty/bin/convert -size 0x0 xc:white -strip png:"/home/m6ftpd01sqhe/tmp/horde/imgehwpuW" 2>&1
sh: /usr/local/cpanel/3rdparty/bin/convert: No existe el fichero o el directorio [pid 1078833 on line 591 of "/usr/local/cpanel/3rdparty/php/56/lib/php/Horde/Image/Im.php"]
2019-02-07T09:34:33-07:00 ERR: HORDE [imp] Error running command: /usr/local/cpanel/3rdparty/bin/convert -size 0x0 xc:white -strip png:"/home/m6ftpd01sqhe/tmp/horde/imgsq71xx" 2>&1
sh: /usr/local/cpanel/3rdparty/bin/convert: No existe el fichero o el directorio [pid 1078893 on line 591 of "/usr/local/cpanel/3rdparty/php/56/lib/php/Horde/Image/Im.php"]
2019-02-07T09:34:33-07:00 ERR: HORDE [imp] Error running command: /usr/local/cpanel/3rdparty/bin/convert -size 300x300 "/home/m6ftpd01sqhe/tmp/horde/imgSqF1Ze"'[0]' -thumbnail 150x150 -strip png:"/home/m6ftpd01sqhe/tmp/horde/imgBdHgJA" 2>&1
sh: /usr/local/cpanel/3rdparty/bin/convert: No existe el fichero o el directorio [pid 1078893 on line 189 of "/usr/local/cpanel/3rdparty/php/56/lib/php/Horde/Image/Im.php"]
2019-03-01T12:34:07-07:00 ERR: HORDE [imp] Error running command: /usr/local/cpanel/3rdparty/bin/convert -size 0x0 xc:white -strip png:"/home/m6ftpd01sqhe/tmp/horde/imgOyfZ66" 2>&1
sh: /usr/local/cpanel/3rdparty/bin/convert: No existe el fichero o el directorio [pid 142013 on line 591 of "/usr/local/cpanel/3rdparty/php/56/lib/php/Horde/Image/Im.php"]
2019-03-01T12:34:07-07:00 ERR: HORDE [imp] Error running command: /usr/local/cpanel/3rdparty/bin/convert -size 0x0 xc:white -strip png:"/home/m6ftpd01sqhe/tmp/horde/img3rQm3Y" 2>&1
sh: /usr/local/cpanel/3rdparty/bin/convert: No existe el fichero o el directorio [pid 142013 on line 591 of "/usr/local/cpanel/3rdparty/php/56/lib/php/Horde/Image/Im.php"]
2019-03-01T12:35:16-07:00 ERR: HORDE [imp] Error running command: /usr/local/cpanel/3rdparty/bin/convert -size 0x0 xc:white -strip png:"/home/m6ftpd01sqhe/tmp/horde/imgyN1Kg4" 2>&1
sh: /usr/local/cpanel/3rdparty/bin/convert: No existe el fichero o el directorio [pid 148450 on line 591 of "/usr/local/cpanel/3rdparty/php/56/lib/php/Horde/Image/Im.php"]
2019-03-01T12:35:16-07:00 ERR: HORDE [imp] Error running command: /usr/local/cpanel/3rdparty/bin/convert -size 300x300 "/home/m6ftpd01sqhe/tmp/horde/imgmd9KqH"'[0]' -thumbnail 150x150 -strip png:"/home/m6ftpd01sqhe/tmp/horde/imgsnIV1v" 2>&1
sh: /usr/local/cpanel/3rdparty/bin/convert: No existe el fichero o el directorio [pid 148450 on line 189 of "/usr/local/cpanel/3rdparty/php/56/lib/php/Horde/Image/Im.php"]
2019-03-01T12:35:17-07:00 ERR: HORDE [imp] Error running command: /usr/local/cpanel/3rdparty/bin/convert -size 0x0 xc:white -strip png:"/home/m6ftpd01sqhe/tmp/horde/imgW1fIC3" 2>&1
sh: /usr/local/cpanel/3rdparty/bin/convert: No existe el fichero o el directorio [pid 148453 on line 591 of "/usr/local/cpanel/3rdparty/php/56/lib/php/Horde/Image/Im.php"]
2019-03-01T12:35:17-07:00 ERR: HORDE [imp] Error running command: /usr/local/cpanel/3rdparty/bin/convert  "/home/m6ftpd01sqhe/tmp/horde/imgIR4dkH"'[0]'  -strip png:"/home/m6ftpd01sqhe/tmp/horde/imgl3d1aw" 2>&1
sh: /usr/local/cpanel/3rdparty/bin/convert: No existe el fichero o el directorio [pid 148453 on line 189 of "/usr/local/cpanel/3rdparty/php/56/lib/php/Horde/Image/Im.php"]
2019-05-16T18:18:37-07:00 ERR: HORDE [imp] Error running command: /usr/local/cpanel/3rdparty/bin/convert -size 0x0 xc:'white' -strip png:"/home/m6ftpd01sqhe/tmp/horde/imgWBlPwz" 2>&1
sh: /usr/local/cpanel/3rdparty/bin/convert: No existe el fichero o el directorio [pid 3203925 on line 657 of "/usr/local/cpanel/3rdparty/php/72/lib/php/Horde/Image/Im.php"]
2019-05-16T18:18:37-07:00 ERR: HORDE [imp] Error running command: /usr/local/cpanel/3rdparty/bin/convert -size 0x0 xc:'white' -strip png:"/home/m6ftpd01sqhe/tmp/horde/imgHHXkRd" 2>&1
sh: /usr/local/cpanel/3rdparty/bin/convert: No existe el fichero o el directorio [pid 3203925 on line 657 of "/usr/local/cpanel/3rdparty/php/72/lib/php/Horde/Image/Im.php"]
2019-05-16T18:22:07-07:00 ERR: HORDE [imp] Error running command: /usr/local/cpanel/3rdparty/bin/convert -size 0x0 xc:'white' -strip png:"/home/m6ftpd01sqhe/tmp/horde/imgImMchM" 2>&1
sh: /usr/local/cpanel/3rdparty/bin/convert: No existe el fichero o el directorio [pid 3222663 on line 657 of "/usr/local/cpanel/3rdparty/php/72/lib/php/Horde/Image/Im.php"]
2019-05-16T18:22:07-07:00 ERR: HORDE [imp] Error running command: /usr/local/cpanel/3rdparty/bin/convert -size 300x300 "/home/m6ftpd01sqhe/tmp/horde/imggbwqdQ"'[0]' -thumbnail 150x150 -strip png:"/home/m6ftpd01sqhe/tmp/horde/imglIWacn" 2>&1
sh: /usr/local/cpanel/3rdparty/bin/convert: No existe el fichero o el directorio [pid 3222663 on line 208 of "/usr/local/cpanel/3rdparty/php/72/lib/php/Horde/Image/Im.php"]
2019-05-16T18:22:08-07:00 ERR: HORDE [imp] Error running command: /usr/local/cpanel/3rdparty/bin/convert -size 0x0 xc:'white' -strip png:"/home/m6ftpd01sqhe/tmp/horde/img9gy9yM" 2>&1
sh: /usr/local/cpanel/3rdparty/bin/convert: No existe el fichero o el directorio [pid 3222673 on line 657 of "/usr/local/cpanel/3rdparty/php/72/lib/php/Horde/Image/Im.php"]
2019-05-16T18:22:08-07:00 ERR: HORDE [imp] Error running command: /usr/local/cpanel/3rdparty/bin/convert -size 300x300 "/home/m6ftpd01sqhe/tmp/horde/imgXX4ZlR"'[0]' -thumbnail 150x150 -strip png:"/home/m6ftpd01sqhe/tmp/horde/img0o5oKo" 2>&1
sh: /usr/local/cpanel/3rdparty/bin/convert: No existe el fichero o el directorio [pid 3222673 on line 208 of "/usr/local/cpanel/3rdparty/php/72/lib/php/Horde/Image/Im.php"]
2019-06-24T09:40:58-07:00 ERR: HORDE [imp] Too many concurrent SMTP connections; please try again later. Too many concurrent SMTP connections; please try again later. [pid 1376476 on line 1160 of "/usr/local/cpanel/base/horde/imp/lib/Compose.php"]
2019-07-03T11:07:51-07:00 ERR: HORDE [imp] Too many concurrent SMTP connections; please try again later. Too many concurrent SMTP connections; please try again later. [pid 3371973 on line 1160 of "/usr/local/cpanel/base/horde/imp/lib/Compose.php"]
2019-07-04T13:32:06-07:00 ERR: HORDE [imp] Too many concurrent SMTP connections; please try again later. Too many concurrent SMTP connections; please try again later. [pid 4125768 on line 1160 of "/usr/local/cpanel/base/horde/imp/lib/Compose.php"]
